Using pre-set license
Built from '2021.3/staging' branch; Version is '2021.3.20f1 (577897200b8b) revision 5732503'; Using compiler version '192829333'; Build Type 'Release'
OS: 'Windows 10  (10.0.19045) 64bit Education' Language: 'pl' Physical Memory: 16315 MB
BatchMode: 1, IsHumanControllingUs: 0, StartBugReporterOnCrash: 0, Is64bit: 1, IsPro: 1

COMMAND LINE ARGUMENTS:
C:\unity editor\2021.3.20f1\Editor\Unity.exe
-adb2
-batchMode
-noUpm
-name
AssetImportWorker3
-projectPath
E:/Users/denn/Desktop/Grafika-i-multimedia-main/Lab4
-logFile
Logs/AssetImportWorker3.log
-srvPort
6910
Successfully changed project path to: E:/Users/denn/Desktop/Grafika-i-multimedia-main/Lab4
E:/Users/denn/Desktop/Grafika-i-multimedia-main/Lab4
[UnityMemory] Configuration Parameters - Can be set up in boot.config
    "memorysetup-bucket-allocator-granularity=16"
    "memorysetup-bucket-allocator-bucket-count=8"
    "memorysetup-bucket-allocator-block-size=33554432"
    "memorysetup-bucket-allocator-block-count=8"
    "memorysetup-main-allocator-block-size=16777216"
    "memorysetup-thread-allocator-block-size=16777216"
    "memorysetup-gfx-main-allocator-block-size=16777216"
    "memorysetup-gfx-thread-allocator-block-size=16777216"
    "memorysetup-cache-allocator-block-size=4194304"
    "memorysetup-typetree-allocator-block-size=2097152"
    "memorysetup-profiler-bucket-allocator-granularity=16"
    "memorysetup-profiler-bucket-allocator-bucket-count=8"
    "memorysetup-profiler-bucket-allocator-block-size=33554432"
    "memorysetup-profiler-bucket-allocator-block-count=8"
    "memorysetup-profiler-allocator-block-size=16777216"
    "memorysetup-profiler-editor-allocator-block-size=1048576"
    "memorysetup-temp-allocator-size-main=16777216"
    "memorysetup-job-temp-allocator-block-size=2097152"
    "memorysetup-job-temp-allocator-block-size-background=1048576"
    "memorysetup-job-temp-allocator-reduction-small-platforms=262144"
    "memorysetup-temp-allocator-size-background-worker=32768"
    "memorysetup-temp-allocator-size-job-worker=262144"
    "memorysetup-temp-allocator-size-preload-manager=33554432"
    "memorysetup-temp-allocator-size-nav-mesh-worker=65536"
    "memorysetup-temp-allocator-size-audio-worker=65536"
    "memorysetup-temp-allocator-size-cloud-worker=32768"
    "memorysetup-temp-allocator-size-gi-baking-worker=262144"
    "memorysetup-temp-allocator-size-gfx=262144"
Player connection [17424] Host "[IP] 192.168.1.100 [Port] 0 [Flags] 2 [Guid] 1872600899 [EditorId] 1872600899 [Version] 1048832 [Id] WindowsEditor(7,dennPC) [Debug] 1 [PackageName] WindowsEditor [ProjectName] Editor" joined multi-casting on [225.0.0.222:54997]...

Player connection [17424] Host "[IP] 192.168.1.100 [Port] 0 [Flags] 2 [Guid] 1872600899 [EditorId] 1872600899 [Version] 1048832 [Id] WindowsEditor(7,dennPC) [Debug] 1 [PackageName] WindowsEditor [ProjectName] Editor" joined alternative multi-casting on [225.0.0.222:34997]...

Refreshing native plugins compatible for Editor in 168.08 ms, found 2 plugins.
Preloading 0 native plugins for Editor in 0.00 ms.
Initialize engine version: 2021.3.20f1 (577897200b8b)
[Subsystems] Discovering subsystems at path C:/unity editor/2021.3.20f1/Editor/Data/Resources/UnitySubsystems
[Subsystems] Discovering subsystems at path E:/Users/denn/Desktop/Grafika-i-multimedia-main/Lab4/Assets
GfxDevice: creating device client; threaded=0; jobified=0
Direct3D:
    Version:  Direct3D 11.0 [level 11.1]
    Renderer: Radeon (TM) RX 470 Graphics (ID=0x67df)
    Vendor:   ATI
    VRAM:     4074 MB
    Driver:   31.0.12027.9001
Initialize mono
Mono path[0] = 'C:/unity editor/2021.3.20f1/Editor/Data/Managed'
Mono path[1] = 'C:/unity editor/2021.3.20f1/Editor/Data/MonoBleedingEdge/lib/mono/unityjit-win32'
Mono config path = 'C:/unity editor/2021.3.20f1/Editor/Data/MonoBleedingEdge/etc'
Using monoOptions --debugger-agent=transport=dt_socket,embedding=1,server=y,suspend=n,address=127.0.0.1:56156
Begin MonoManager ReloadAssembly
Registering precompiled unity dll's ...
Register platform support module: C:/unity editor/2021.3.20f1/Editor/Data/PlaybackEngines/WindowsStandaloneSupport/UnityEditor.WindowsStandalone.Extensions.dll
Registered in 0.003361 seconds.
Native extension for WindowsStandalone target not found
Refreshing native plugins compatible for Editor in 28.77 ms, found 2 plugins.
Preloading 0 native plugins for Editor in 0.00 ms.
Mono: successfully reloaded assembly
- Completed reload, in  0.608 seconds
Domain Reload Profiling:
	ReloadAssembly (608ms)
		BeginReloadAssembly (87ms)
			ExecutionOrderSort (0ms)
			DisableScriptedObjects (0ms)
			BackupInstance (0ms)
			ReleaseScriptingObjects (0ms)
			CreateAndSetChildDomain (1ms)
		EndReloadAssembly (426ms)
			LoadAssemblies (86ms)
			RebuildTransferFunctionScriptingTraits (0ms)
			SetupTypeCache (110ms)
			ReleaseScriptCaches (0ms)
			RebuildScriptCaches (32ms)
			SetupLoadedEditorAssemblies (231ms)
				LogAssemblyErrors (0ms)
				InitializePlatformSupportModulesInManaged (8ms)
				SetLoadedEditorAssemblies (0ms)
				RefreshPlugins (29ms)
				BeforeProcessingInitializeOnLoad (2ms)
				ProcessInitializeOnLoadAttributes (143ms)
				ProcessInitializeOnLoadMethodAttributes (50ms)
				AfterProcessingInitializeOnLoad (0ms)
				EditorAssembliesLoaded (0ms)
			ExecutionOrderSort2 (0ms)
			AwakeInstancesAfterBackupRestoration (0ms)
Platform modules already initialized, skipping
Registering precompiled user dll's ...
Registered in 0.003733 seconds.
Begin MonoManager ReloadAssembly
Native extension for WindowsStandalone target not found
Refreshing native plugins compatible for Editor in 0.36 ms, found 2 plugins.
Preloading 0 native plugins for Editor in 0.00 ms.
Mono: successfully reloaded assembly
- Completed reload, in  1.028 seconds
Domain Reload Profiling:
	ReloadAssembly (1029ms)
		BeginReloadAssembly (137ms)
			ExecutionOrderSort (0ms)
			DisableScriptedObjects (9ms)
			BackupInstance (0ms)
			ReleaseScriptingObjects (0ms)
			CreateAndSetChildDomain (23ms)
		EndReloadAssembly (754ms)
			LoadAssemblies (87ms)
			RebuildTransferFunctionScriptingTraits (0ms)
			SetupTypeCache (222ms)
			ReleaseScriptCaches (0ms)
			RebuildScriptCaches (53ms)
			SetupLoadedEditorAssemblies (347ms)
				LogAssemblyErrors (0ms)
				InitializePlatformSupportModulesInManaged (6ms)
				SetLoadedEditorAssemblies (1ms)
				RefreshPlugins (0ms)
				BeforeProcessingInitializeOnLoad (59ms)
				ProcessInitializeOnLoadAttributes (253ms)
				ProcessInitializeOnLoadMethodAttributes (24ms)
				AfterProcessingInitializeOnLoad (4ms)
				EditorAssembliesLoaded (0ms)
			ExecutionOrderSort2 (0ms)
			AwakeInstancesAfterBackupRestoration (11ms)
Platform modules already initialized, skipping
========================================================================
Worker process is ready to serve import requests
Launched and connected shader compiler UnityShaderCompiler.exe after 0.27 seconds
Refreshing native plugins compatible for Editor in 0.35 ms, found 2 plugins.
Preloading 0 native plugins for Editor in 0.00 ms.
Unloading 1381 Unused Serialized files (Serialized files now loaded: 0)
Unloading 16 unused Assets / (59.1 KB). Loaded Objects now: 1871.
Memory consumption went from 77.6 MB to 77.5 MB.
Total: 2.612600 ms (FindLiveObjects: 0.143300 ms CreateObjectMapping: 0.060700 ms MarkObjects: 2.302600 ms  DeleteObjects: 0.105400 ms)

AssetImportParameters requested are different than current active one (requested -> active):
  custom:video-decoder-ogg-theora: a1e56fd34408186e4bbccfd4996cb3dc -> 
  custom:container-muxer-webm: aa71ff27fc2769a1b78a27578f13a17b -> 
  custom:container-demuxer-webm: 4f35f7cbe854078d1ac9338744f61a02 -> 
  custom:video-encoder-webm-vp8: eb34c28f22e8b96e1ab97ce403110664 -> 
  custom:audio-encoder-webm-vorbis: bf7c407c2cedff20999df2af8eb42d56 -> 
  custom:framework-win-MediaFoundation: 216162199b28c13a410421893ffa2e32 -> 
  custom:container-demuxer-ogg: 62fdf1f143b41e24485cea50d1cbac27 -> 
  custom:video-decoder-webm-vp8: 9c59270c3fd7afecdb556c50c9e8de78 -> 
  custom:audio-decoder-ogg-vorbis: bf7c407c2cedff20999df2af8eb42d56 -> 
========================================================================
Received Import Request.
  Time since last request: 49494.069193 seconds.
  path: Assets/TangyTextures Free Materials/Textures/Spider/Spider_Normal.png
  artifactKey: Guid(bc7a6f27e327946d988b243053aeb33f) Importer(815301076,1909f56bfc062723c751e8b465ee728b)
Start importing Assets/TangyTextures Free Materials/Textures/Spider/Spider_Normal.png using Guid(bc7a6f27e327946d988b243053aeb33f) Importer(815301076,1909f56bfc062723c751e8b465ee728b)  -> (artifact id: '4b49946b02a2330761015e61e892211e') in 0.097814 seconds 
========================================================================
Received Import Request.
  Time since last request: 23.099780 seconds.
  path: Assets/TangyTextures Free Materials/Textures/MetalCircles/MetalCircles_Normal.png
  artifactKey: Guid(59863d9300dc64c93ab30a414ef57f2c) Importer(815301076,1909f56bfc062723c751e8b465ee728b)
Start importing Assets/TangyTextures Free Materials/Textures/MetalCircles/MetalCircles_Normal.png using Guid(59863d9300dc64c93ab30a414ef57f2c) Importer(815301076,1909f56bfc062723c751e8b465ee728b)  -> (artifact id: 'f5740028ce0ae0efce59d339ecdbce19') in 0.011144 seconds 
========================================================================
Received Import Request.
  Time since last request: 0.494836 seconds.
  path: Assets/TangyTextures Free Materials/Textures/Meaty/Meaty_Normal.png
  artifactKey: Guid(becc38732163b4c1f94c1be47bae90da) Importer(815301076,1909f56bfc062723c751e8b465ee728b)
Start importing Assets/TangyTextures Free Materials/Textures/Meaty/Meaty_Normal.png using Guid(becc38732163b4c1f94c1be47bae90da) Importer(815301076,1909f56bfc062723c751e8b465ee728b)  -> (artifact id: '6f254d6fc48b5dd6870a23aceb65ce09') in 0.009879 seconds 
========================================================================
Received Import Request.
  Time since last request: 0.280085 seconds.
  path: Assets/TangyTextures Free Materials/Textures/Leather/leather_Normal.png
  artifactKey: Guid(6682f4b7b4ed6427eb8c8caa59975f53) Importer(815301076,1909f56bfc062723c751e8b465ee728b)
Start importing Assets/TangyTextures Free Materials/Textures/Leather/leather_Normal.png using Guid(6682f4b7b4ed6427eb8c8caa59975f53) Importer(815301076,1909f56bfc062723c751e8b465ee728b)  -> (artifact id: '339f1a5a25bf0e8d345622b485b98e45') in 0.008785 seconds 
========================================================================
Received Import Request.
  Time since last request: 1.185056 seconds.
  path: Assets/TangyTextures Free Materials/Textures/Grass/grass_Normal.png
  artifactKey: Guid(a8b809fd30fd646cd863a437530c5c48) Importer(815301076,1909f56bfc062723c751e8b465ee728b)
Start importing Assets/TangyTextures Free Materials/Textures/Grass/grass_Normal.png using Guid(a8b809fd30fd646cd863a437530c5c48) Importer(815301076,1909f56bfc062723c751e8b465ee728b)  -> (artifact id: '34454181ef6e15f1340e8d498801e201') in 0.017676 seconds 
========================================================================
Received Import Request.
  Time since last request: 0.388902 seconds.
  path: Assets/TangyTextures Free Materials/Textures/GoldChains/GoldChains_Normal.png
  artifactKey: Guid(8cdbeb80113044d8fbb99c1c14491b40) Importer(815301076,1909f56bfc062723c751e8b465ee728b)
Start importing Assets/TangyTextures Free Materials/Textures/GoldChains/GoldChains_Normal.png using Guid(8cdbeb80113044d8fbb99c1c14491b40) Importer(815301076,1909f56bfc062723c751e8b465ee728b)  -> (artifact id: '24c1c1d094390c1b9f5785c8f8458f40') in 0.016535 seconds 
========================================================================
Received Import Request.
  Time since last request: 1.323262 seconds.
  path: Assets/TangyTextures Free Materials/Textures/Moon/Moon_Normal.png
  artifactKey: Guid(976d2c45af8894b7cb7f2e91862beb62) Importer(815301076,1909f56bfc062723c751e8b465ee728b)
Start importing Assets/TangyTextures Free Materials/Textures/Moon/Moon_Normal.png using Guid(976d2c45af8894b7cb7f2e91862beb62) Importer(815301076,1909f56bfc062723c751e8b465ee728b)  -> (artifact id: 'c9a7ef9ea318107661cc351eeae96675') in 0.016353 seconds 
========================================================================
Received Import Request.
  Time since last request: 6.286410 seconds.
  path: Assets/TangyTextures Free Materials/Textures/Flower1/Flower1_Normal.png
  artifactKey: Guid(2febd2d3b0acd47f391b5c8058d05c52) Importer(815301076,1909f56bfc062723c751e8b465ee728b)
Start importing Assets/TangyTextures Free Materials/Textures/Flower1/Flower1_Normal.png using Guid(2febd2d3b0acd47f391b5c8058d05c52) Importer(815301076,1909f56bfc062723c751e8b465ee728b)  -> (artifact id: '4a2fe41eba7faf1517462bb695650a1c') in 0.015933 seconds 
========================================================================
Received Import Request.
  Time since last request: 0.292427 seconds.
  path: Assets/TangyTextures Free Materials/Textures/Concrete2/Concrete2_Normal.png
  artifactKey: Guid(81e0630c8b404415890fd3b29bd4565d) Importer(815301076,1909f56bfc062723c751e8b465ee728b)
Start importing Assets/TangyTextures Free Materials/Textures/Concrete2/Concrete2_Normal.png using Guid(81e0630c8b404415890fd3b29bd4565d) Importer(815301076,1909f56bfc062723c751e8b465ee728b)  -> (artifact id: '4dd8cc06e1986bc0691f3d0e04396e12') in 0.010649 seconds 
========================================================================
Received Import Request.
  Time since last request: 0.334504 seconds.
  path: Assets/TangyTextures Free Materials/Textures/EvilFlowers/EvilFlowers_Normal.png
  artifactKey: Guid(83674657ece4f4765a30835787d47406) Importer(815301076,1909f56bfc062723c751e8b465ee728b)
Start importing Assets/TangyTextures Free Materials/Textures/EvilFlowers/EvilFlowers_Normal.png using Guid(83674657ece4f4765a30835787d47406) Importer(815301076,1909f56bfc062723c751e8b465ee728b)  -> (artifact id: '94a160d646be38c07504b3f2df39395d') in 0.014941 seconds 
========================================================================
Received Import Request.
  Time since last request: 0.652250 seconds.
  path: Assets/TangyTextures Free Materials/Textures/Bricks2/Bricks2_Normal.png
  artifactKey: Guid(94549353055cb427ba10bb9b640a4d3c) Importer(815301076,1909f56bfc062723c751e8b465ee728b)
Start importing Assets/TangyTextures Free Materials/Textures/Bricks2/Bricks2_Normal.png using Guid(94549353055cb427ba10bb9b640a4d3c) Importer(815301076,1909f56bfc062723c751e8b465ee728b)  -> (artifact id: 'f84ae948136b6d7d6d6d5e8510a07bc1') in 0.016746 seconds 
========================================================================
Received Import Request.
  Time since last request: 0.351276 seconds.
  path: Assets/TangyTextures Free Materials/Textures/Cells1/Cells1_Normal.png
  artifactKey: Guid(210bd351a13e047df9744bf239c09422) Importer(815301076,1909f56bfc062723c751e8b465ee728b)
Start importing Assets/TangyTextures Free Materials/Textures/Cells1/Cells1_Normal.png using Guid(210bd351a13e047df9744bf239c09422) Importer(815301076,1909f56bfc062723c751e8b465ee728b)  -> (artifact id: '50bef3f3e71f2182f5568909a27971f0') in 0.017553 seconds 
========================================================================
Received Import Request.
  Time since last request: 0.302077 seconds.
  path: Assets/TangyTextures Free Materials/Textures/Bricks1/Bricks1_Normal.png
  artifactKey: Guid(e0d3e4a277cd14fbbbab79bd939df7d2) Importer(815301076,1909f56bfc062723c751e8b465ee728b)
Start importing Assets/TangyTextures Free Materials/Textures/Bricks1/Bricks1_Normal.png using Guid(e0d3e4a277cd14fbbbab79bd939df7d2) Importer(815301076,1909f56bfc062723c751e8b465ee728b)  -> (artifact id: '985c7efd10bd52fcac265926d6db7c10') in 0.011645 seconds 
========================================================================
Received Import Request.
  Time since last request: 0.586781 seconds.
  path: Assets/TangyTextures Free Materials/Textures/Brain/Brain_Normal.png
  artifactKey: Guid(c608b999f13e1435b95854b52837d883) Importer(815301076,1909f56bfc062723c751e8b465ee728b)
Start importing Assets/TangyTextures Free Materials/Textures/Brain/Brain_Normal.png using Guid(c608b999f13e1435b95854b52837d883) Importer(815301076,1909f56bfc062723c751e8b465ee728b)  -> (artifact id: '72c40b14832afc750b1ca6302e69d20e') in 0.019047 seconds 
========================================================================
Received Import Request.
  Time since last request: 18.396349 seconds.
  path: Assets/TangyTextures Free Materials/Textures/Bricks3/Bricks3_Normal.png
  artifactKey: Guid(9155e74dce01e461e9a772ccb5eb2419) Importer(815301076,1909f56bfc062723c751e8b465ee728b)
Start importing Assets/TangyTextures Free Materials/Textures/Bricks3/Bricks3_Normal.png using Guid(9155e74dce01e461e9a772ccb5eb2419) Importer(815301076,1909f56bfc062723c751e8b465ee728b)  -> (artifact id: '7d2c6b891af54304b2d37881018d9152') in 0.015916 seconds 
========================================================================
Received Import Request.
  Time since last request: 0.645019 seconds.
  path: Assets/TangyTextures Free Materials/Textures/Concrete1/concrete_Normal.png
  artifactKey: Guid(44e1957a5a4404fbaa1400e4a2aae45c) Importer(815301076,1909f56bfc062723c751e8b465ee728b)
Start importing Assets/TangyTextures Free Materials/Textures/Concrete1/concrete_Normal.png using Guid(44e1957a5a4404fbaa1400e4a2aae45c) Importer(815301076,1909f56bfc062723c751e8b465ee728b)  -> (artifact id: '5a0e99ca31c1ed8faf5b222c1f1b7285') in 0.008240 seconds 
========================================================================
Received Import Request.
  Time since last request: 13.571399 seconds.
  path: Assets/TangyTextures Free Materials/Textures/Gnarled1/Gnarled1_Normal.png
  artifactKey: Guid(a0868b2a75585430381b4e18442439f7) Importer(815301076,1909f56bfc062723c751e8b465ee728b)
Start importing Assets/TangyTextures Free Materials/Textures/Gnarled1/Gnarled1_Normal.png using Guid(a0868b2a75585430381b4e18442439f7) Importer(815301076,1909f56bfc062723c751e8b465ee728b)  -> (artifact id: 'c96decc081f3218ea1a1ab81cb08bb53') in 0.018047 seconds 
========================================================================
Received Import Request.
  Time since last request: 15.314258 seconds.
  path: Assets/TangyTextures Free Materials/Textures/Labyrinth/Labyrinth1_Normal.png
  artifactKey: Guid(1564d98655a414be9962f569a4436c56) Importer(815301076,1909f56bfc062723c751e8b465ee728b)
Start importing Assets/TangyTextures Free Materials/Textures/Labyrinth/Labyrinth1_Normal.png using Guid(1564d98655a414be9962f569a4436c56) Importer(815301076,1909f56bfc062723c751e8b465ee728b)  -> (artifact id: '106784316f94a386916abd6fdb579f44') in 0.009501 seconds 
========================================================================
Received Import Request.
  Time since last request: 1.012674 seconds.
  path: Assets/TangyTextures Free Materials/Textures/Roof1/Roof1_Normal.png
  artifactKey: Guid(8267710fa161641eab76d53d4ce1d5a0) Importer(815301076,1909f56bfc062723c751e8b465ee728b)
Start importing Assets/TangyTextures Free Materials/Textures/Roof1/Roof1_Normal.png using Guid(8267710fa161641eab76d53d4ce1d5a0) Importer(815301076,1909f56bfc062723c751e8b465ee728b)  -> (artifact id: '1f2d2efaeabdb945a69ac2d3d0555329') in 0.010283 seconds 
========================================================================
Received Import Request.
  Time since last request: 0.908054 seconds.
  path: Assets/TangyTextures Free Materials/Textures/StuddedLeather/StuddedLeather_Normal.png
  artifactKey: Guid(ea6f48ab4038c4cb29db2e3591a2595d) Importer(815301076,1909f56bfc062723c751e8b465ee728b)
Start importing Assets/TangyTextures Free Materials/Textures/StuddedLeather/StuddedLeather_Normal.png using Guid(ea6f48ab4038c4cb29db2e3591a2595d) Importer(815301076,1909f56bfc062723c751e8b465ee728b)  -> (artifact id: '64219d7a6983cc50295415a0e1e6dc10') in 0.013007 seconds 
========================================================================
Received Import Request.
  Time since last request: 0.629134 seconds.
  path: Assets/TangyTextures Free Materials/Textures/SlimySkin/SlimySkin1_Normal.png
  artifactKey: Guid(7b2fa39a43dae4840967280d8a3df380) Importer(815301076,1909f56bfc062723c751e8b465ee728b)
Start importing Assets/TangyTextures Free Materials/Textures/SlimySkin/SlimySkin1_Normal.png using Guid(7b2fa39a43dae4840967280d8a3df380) Importer(815301076,1909f56bfc062723c751e8b465ee728b)  -> (artifact id: 'e4d6eed9eb3f031375d6b2fe35e78604') in 0.012347 seconds 
Editor requested this worker to shutdown with reason: Scaling down because of idle timeout
AssetImportWorker is now disconnected from the server
Process exiting
Exiting without the bug reporter. Application will terminate with return code 0